Environment variables:
  - =C:=C:\Users\test\Documents\GitHub\SmallFibonacci
  - =ExitCode=00000000
  - ALLUSERSPROFILE=C:\ProgramData
  - APPDATA=C:\Users\test\AppData\Roaming
  - COMPUTERNAME=DTE-TRAIN10
  - ComSpec=C:\windows\system32\cmd.exe
  - CommonProgramFiles=C:\Program Files\Common Files
  - CommonProgramFiles(x86)=C:\Program Files (x86)\Common Files
  - CommonProgramW6432=C:\Program Files\Common Files
  - ERROR_CODE=0
  - FP_NO_HOST_CHECK=NO
  - HOMEDRIVE=C:
  - HOMEPATH=\Users\test
  - JAVA_EXEC="C:\sonar-scanner-3.0.3.778-windows\bin\..\jre\bin\java.exe"
  - JAVA_HOME=C:\sonar-scanner-3.0.3.778-windows\bin\..\jre
  - LOCALAPPDATA=C:\Users\test\AppData\Local
  - LOGONSERVER=\\DTE-TRAIN10
  - NUMBER_OF_PROCESSORS=4
  - OS=Windows_NT
  - PATHEXT=.COM;.EXE;.BAT;.CMD;.VBS;.VBE;.JS;.JSE;.WSF;.WSH;.MSC
  - PROCESSOR_ARCHITECTURE=AMD64
  - PROCESSOR_IDENTIFIER=Intel64 Family 6 Model 69 Stepping 1, GenuineIntel
  - PROCESSOR_LEVEL=6
  - PROCESSOR_REVISION=4501
  - PROJECT_HOME=C:\Users\test\Documents\GitHub\SmallFibonacci
  - PROMPT=$P$G
  - PSModulePath=C:\windows\system32\WindowsPowerShell\v1.0\Modules\
  - PUBLIC=C:\Users\Public
  - Path=C:\ProgramData\Oracle\Java\javapath;C:\Program Files (x86)\Intel\iCLS Client\;C:\Program Files\Intel\iCLS Client\;C:\Perl\site\bin;C:\Perl\bin;C:\windows\system32;C:\windows;C:\windows\System32\Wbem;C:\windows\System32\WindowsPowerShell\v1.0\;C:\windows\System32\Windows System Resource Manager\bin;C:\Program Files (x86)\Intel\OpenCL SDK\3.0\bin\x86;C:\Program Files (x86)\Intel\OpenCL SDK\3.0\bin\x64;C:\Program Files\Intel\Intel(R) Management Engine Components\DAL;C:\Program Files\Intel\Intel(R) Management Engine Components\IPT;C:\Program Files (x86)\Intel\Intel(R) Management Engine Components\DAL;C:\Program Files (x86)\Intel\Intel(R) Management Engine Components\IPT;C:\Users\test\AppData\Local\GitHubDesktop\bin\C:\sonar-scanner-3.0.3.778-windows\bin
  - ProgramData=C:\ProgramData
  - ProgramFiles=C:\Program Files
  - ProgramFiles(x86)=C:\Program Files (x86)
  - ProgramW6432=C:\Program Files
  - SESSIONNAME=Console
  - SONAR_SCANNER_HOME=C:\sonar-scanner-3.0.3.778-windows\bin\..
  - SystemDrive=C:
  - SystemRoot=C:\windows
  - TEMP=C:\Users\test\AppData\Local\Temp
  - TMP=C:\Users\test\AppData\Local\Temp
  - USERDOMAIN=DTE-TRAIN10
  - USERNAME=test
  - USERPROFILE=C:\Users\test
  - VBOX_MSI_INSTALL_PATH=C:\Program Files\Oracle\VirtualBox\
  - scriptdir=C:\sonar-scanner-3.0.3.778-windows\bin
  - use_embedded_jre=true
  - windir=C:\windows
  - windows_tracing_flags=3
  - windows_tracing_logfile=C:\BVTBin\Tests\installpackage\csilogfile.log
System properties:
  - awt.toolkit=sun.awt.windows.WToolkit
  - file.encoding=Cp1252
  - file.encoding.pkg=sun.io
  - file.separator=\
  - java.awt.graphicsenv=sun.awt.Win32GraphicsEnvironment
  - java.awt.headless=true
  - java.awt.printerjob=sun.awt.windows.WPrinterJob
  - java.class.path=C:\sonar-scanner-3.0.3.778-windows\bin\..\lib\sonar-scanner-cli-3.0.3.778.jar
  - java.class.version=52.0
  - java.endorsed.dirs=C:\sonar-scanner-3.0.3.778-windows\jre\lib\endorsed
  - java.ext.dirs=C:\sonar-scanner-3.0.3.778-windows\jre\lib\ext;C:\windows\Sun\Java\lib\ext
  - java.home=C:\sonar-scanner-3.0.3.778-windows\jre
  - java.io.tmpdir=C:\Users\test\AppData\Local\Temp\
  - java.library.path=C:\sonar-scanner-3.0.3.778-windows\jre\bin;C:\windows\Sun\Java\bin;C:\windows\system32;C:\windows;C:\ProgramData\Oracle\Java\javapath;C:\Program Files (x86)\Intel\iCLS Client\;C:\Program Files\Intel\iCLS Client\;C:\Perl\site\bin;C:\Perl\bin;C:\windows\system32;C:\windows;C:\windows\System32\Wbem;C:\windows\System32\WindowsPowerShell\v1.0\;C:\windows\System32\Windows System Resource Manager\bin;C:\Program Files (x86)\Intel\OpenCL SDK\3.0\bin\x86;C:\Program Files (x86)\Intel\OpenCL SDK\3.0\bin\x64;C:\Program Files\Intel\Intel(R) Management Engine Components\DAL;C:\Program Files\Intel\Intel(R) Management Engine Components\IPT;C:\Program Files (x86)\Intel\Intel(R) Management Engine Components\DAL;C:\Program Files (x86)\Intel\Intel(R) Management Engine Components\IPT;C:\Users\test\AppData\Local\GitHubDesktop\bin\C:\sonar-scanner-3.0.3.778-windows\bin;.
  - java.runtime.name=Java(TM) SE Runtime Environment
  - java.runtime.version=1.8.0_121-b13
  - java.specification.name=Java Platform API Specification
  - java.specification.vendor=Oracle Corporation
  - java.specification.version=1.8
  - java.vendor=Oracle Corporation
  - java.vendor.url=http://java.oracle.com/
  - java.vendor.url.bug=http://bugreport.sun.com/bugreport/
  - java.version=1.8.0_121
  - java.vm.info=mixed mode
  - java.vm.name=Java HotSpot(TM) 64-Bit Server VM
  - java.vm.specification.name=Java Virtual Machine Specification
  - java.vm.specification.vendor=Oracle Corporation
  - java.vm.specification.version=1.8
  - java.vm.vendor=Oracle Corporation
  - java.vm.version=25.121-b13
  - line.separator=

  - os.arch=amd64
  - os.name=Windows 7
  - os.version=6.1
  - path.separator=;
  - project.home=C:\Users\test\Documents\GitHub\SmallFibonacci
  - scanner.home=C:\sonar-scanner-3.0.3.778-windows\bin\..
  - sun.arch.data.model=64
  - sun.boot.class.path=C:\sonar-scanner-3.0.3.778-windows\jre\lib\resources.jar;C:\sonar-scanner-3.0.3.778-windows\jre\lib\rt.jar;C:\sonar-scanner-3.0.3.778-windows\jre\lib\sunrsasign.jar;C:\sonar-scanner-3.0.3.778-windows\jre\lib\jsse.jar;C:\sonar-scanner-3.0.3.778-windows\jre\lib\jce.jar;C:\sonar-scanner-3.0.3.778-windows\jre\lib\charsets.jar;C:\sonar-scanner-3.0.3.778-windows\jre\lib\jfr.jar;C:\sonar-scanner-3.0.3.778-windows\jre\classes
  - sun.boot.library.path=C:\sonar-scanner-3.0.3.778-windows\jre\bin
  - sun.cpu.endian=little
  - sun.cpu.isalist=amd64
  - sun.desktop=windows
  - sun.io.unicode.encoding=UnicodeLittle
  - sun.java.command=org.sonarsource.scanner.cli.Main -Dsonar.login=admin -Dsonar.password=NasDZLZw39EF -X
  - sun.java.launcher=SUN_STANDARD
  - sun.jnu.encoding=Cp1252
  - sun.management.compiler=HotSpot 64-Bit Tiered Compilers
  - sun.os.patch.level=Service Pack 1
  - sun.stderr.encoding=cp437
  - sun.stdout.encoding=cp437
  - user.country=US
  - user.dir=C:\Users\test\Documents\GitHub\SmallFibonacci
  - user.home=C:\Users\test
  - user.language=en
  - user.name=test
  - user.script=
  - user.timezone=America/New_York
  - user.variant=
SonarQube plugins:
  - SonarC# 6.8.1.4648 (csharp)
  - SonarPython 1.9.0.2010 (python)
  - SonarJava 5.1.0.13090 (java)
  - Flex 2.3 (flex)
  - SonarQube :: Plugins :: SCM :: Git 1.3.0.869 (scmgit)
  - SonarXML 1.4.3.1027 (xml)
  - SonarPHP 2.12.1.3018 (php)
  - SonarTS 1.5.0.2122 (typescript)
  - SonarQube :: Plugins :: SCM :: SVN 1.6.0.860 (scmsvn)
  - SonarJS 4.0.0.5862 (javascript)
Global properties:
  - sonar.core.id=AWFqlN-il4syvGCUzWlL
  - sonar.core.startTime=2018-03-06T12:34:37+0000
  - sonar.forceAuthentication=true
Settings for module: my:smallFibonacci
  - sonar.host.url=http://172.20.10.4
  - sonar.java.binaries=bin
  - sonar.login=******
  - sonar.password=******
  - sonar.projectBaseDir=C:\Users\test\Documents\GitHub\SmallFibonacci
  - sonar.projectKey=my:smallFibonacci
  - sonar.projectName=smallFibonacci
  - sonar.projectVersion=1.0
  - sonar.sourceEncoding=windows-1252
  - sonar.sources=src
  - sonar.verbose=true
  - sonar.working.directory=C:\Users\test\Documents\GitHub\SmallFibonacci\.scannerwork
